<?xml version="1.0" encoding="UTF-8"?>
<testng-results skipped="0" failed="0" total="1" passed="1">
  <reporter-output>
  </reporter-output>
  <suite name="Suite" duration-ms="15380" started-at="2016-05-05T09:38:33Z" finished-at="2016-05-05T09:38:48Z">
    <groups>
    </groups>
    <test name="Test" duration-ms="15380" started-at="2016-05-05T09:38:33Z" finished-at="2016-05-05T09:38:48Z">
      <class name="M.M.TestBrowsers">
        <test-method status="PASS" signature="beforeClass()[pri:0, instance:M.M.TestBrowsers@7c16905e]" name="beforeClass" is-config="true" duration-ms="8396" started-at="2016-05-05T17:38:33Z" finished-at="2016-05-05T17:38:41Z">
          <reporter-output>
          </reporter-output>
        </test-method> <!-- beforeClass -->
        <test-method status="PASS" signature="start()[pri:0, instance:M.M.TestBrowsers@7c16905e]" name="start" duration-ms="5011" started-at="2016-05-05T17:38:41Z" finished-at="2016-05-05T17:38:46Z">
          <reporter-output>
          </reporter-output>
        </test-method> <!-- start -->
        <test-method status="PASS" signature="afterClass()[pri:0, instance:M.M.TestBrowsers@7c16905e]" name="afterClass" is-config="true" duration-ms="1932" started-at="2016-05-05T17:38:46Z" finished-at="2016-05-05T17:38:48Z">
          <reporter-output>
          </reporter-output>
        </test-method> <!-- afterClass -->
      </class> <!-- M.M.TestBrowsers -->
    </test> <!-- Test -->
  </suite> <!-- Suite -->
</testng-results>
