<?xml version="1.0" encoding="UTF-8"?>
<testng-results skipped="0" failed="0" total="5" passed="5">
  <reporter-output>
  </reporter-output>
  <suite name="Suite" duration-ms="1118" started-at="2016-05-31T02:54:49Z" finished-at="2016-05-31T02:54:50Z">
    <groups>
    </groups>
    <test name="Test" duration-ms="1073" started-at="2016-05-31T02:54:49Z" finished-at="2016-05-31T02:54:50Z">
      <class name="com.yt.TestBrowsers">
        <test-method status="PASS" signature="beforeClass()[pri:0, instance:com.yt.TestBrowsers@14acaea5]" name="beforeClass" is-config="true" duration-ms="13" started-at="2016-05-31T10:54:49Z" finished-at="2016-05-31T10:54:49Z">
          <reporter-output>
          </reporter-output>
        </test-method> <!-- beforeClass -->
        <test-method status="PASS" signature="start()[pri:0, instance:com.yt.TestBrowsers@14acaea5]" name="start" duration-ms="1009" started-at="2016-05-31T10:54:49Z" finished-at="2016-05-31T10:54:50Z">
          <reporter-output>
          </reporter-output>
        </test-method> <!-- start -->
        <test-method status="PASS" signature="import2TestLink(org.testng.ITestResult)[pri:0, instance:com.yt.TestBrowsers@14acaea5]" name="import2TestLink" is-config="true" duration-ms="1" started-at="2016-05-31T10:54:50Z" finished-at="2016-05-31T10:54:50Z">
          <params>
            <param index="0">
              <value>
                <![CDATA[[TestResult name=start status=SUCCESS method=TestBrowsers.start()[pri:0, instance:com.yt.TestBrowsers@14acaea5] output={null}]]]>
              </value>
            </param>
          </params>
          <reporter-output>
          </reporter-output>
        </test-method> <!-- import2TestLink -->
        <test-method status="PASS" signature="afterClass()[pri:0, instance:com.yt.TestBrowsers@14acaea5]" name="afterClass" is-config="true" duration-ms="0" started-at="2016-05-31T10:54:50Z" finished-at="2016-05-31T10:54:50Z">
          <reporter-output>
          </reporter-output>
        </test-method> <!-- afterClass -->
      </class> <!-- com.yt.TestBrowsers -->
      <class name="com.yt.TestNGSecond">
        <test-method status="PASS" signature="test01()[pri:0, instance:com.yt.TestNGSecond@46d56d67]" name="test01" duration-ms="2" started-at="2016-05-31T10:54:50Z" finished-at="2016-05-31T10:54:50Z">
          <reporter-output>
          </reporter-output>
        </test-method> <!-- test01 -->
        <test-method status="PASS" signature="test02()[pri:0, instance:com.yt.TestNGSecond@46d56d67]" name="test02" duration-ms="1" started-at="2016-05-31T10:54:50Z" finished-at="2016-05-31T10:54:50Z">
          <reporter-output>
          </reporter-output>
        </test-method> <!-- test02 -->
      </class> <!-- com.yt.TestNGSecond -->
    </test> <!-- Test -->
    <test name="Test1" duration-ms="9" started-at="2016-05-31T02:54:50Z" finished-at="2016-05-31T02:54:50Z">
      <class name="com.yt.TestNGThird">
        <test-method status="PASS" signature="test01()[pri:0, instance:com.yt.TestNGThird@6a4f787b]" name="test01" duration-ms="2" started-at="2016-05-31T10:54:50Z" finished-at="2016-05-31T10:54:50Z">
          <reporter-output>
          </reporter-output>
        </test-method> <!-- test01 -->
        <test-method status="PASS" signature="test02()[pri:0, instance:com.yt.TestNGThird@6a4f787b]" name="test02" duration-ms="1" started-at="2016-05-31T10:54:50Z" finished-at="2016-05-31T10:54:50Z">
          <reporter-output>
          </reporter-output>
        </test-method> <!-- test02 -->
      </class> <!-- com.yt.TestNGThird -->
    </test> <!-- Test1 -->
  </suite> <!-- Suite -->
</testng-results>
